DEBUG:root:Line 1
DEBUG:root:Line 2
DEBUG:root:Line 3
DEBUG:root:Ellipsis
DEBUG:root:Line 25
2023-01-13 11:54:01,604 DEBUG root Line 1
2023-01-13 11:54:01,604 DEBUG root Line 2
2023-01-13 11:54:01,604 DEBUG root Line 3
2023-01-13 11:54:01,604 DEBUG root Ellipsis
2023-01-13 11:54:01,604 DEBUG root Line 25
2023-01-13 11:54:12,168 DEBUG root Line 1
2023-01-13 11:54:12,169 DEBUG root Line 2
2023-01-13 11:54:12,169 DEBUG root Line 3
2023-01-13 11:54:12,169 DEBUG root Ellipsis
2023-01-13 11:54:12,169 DEBUG root Line 25
2023-01-13 11:58:42,528 DEBUG root LibSVM  'arousal' result (@ time: 7.758323) :  ~~> 0.19 <~~
2023-01-13 11:58:42,528 DEBUG root 
2023-01-13 11:58:42,528 DEBUG root LibSVM  'valence' result (@ time: 7.758323) :  ~~> 0.08 <~~
2023-01-13 11:58:42,528 DEBUG root 
2023-01-13 11:58:42,528 DEBUG root LibSVM  'emodbEmotion' result (@ time: 7.758323) :  ~~> disgust <~~
2023-01-13 11:58:42,528 DEBUG root      prob. class 'anger': 	 0.013417
2023-01-13 11:58:42,528 DEBUG root      prob. class 'boredom': 	 0.026184
2023-01-13 11:58:42,528 DEBUG root      prob. class 'disgust': 	 0.513231
2023-01-13 11:58:42,528 DEBUG root      prob. class 'fear': 	 0.326776
2023-01-13 11:58:42,528 DEBUG root      prob. class 'happiness': 	 0.031667
2023-01-13 11:58:42,529 DEBUG root      prob. class 'neutral': 	 0.018464
2023-01-13 11:58:42,529 DEBUG root      prob. class 'sadness': 	 0.070262
2023-01-13 11:58:42,529 DEBUG root 
2023-01-13 11:58:42,529 DEBUG root LibSVM  'abcAffect' result (@ time: 7.758323) :  ~~> agressiv <~~
2023-01-13 11:58:42,529 DEBUG root      prob. class 'agressiv': 	 0.784096
2023-01-13 11:58:42,529 DEBUG root      prob. class 'cheerful': 	 0.062420
2023-01-13 11:58:42,529 DEBUG root      prob. class 'intoxicated': 	 0.032906
2023-01-13 11:58:42,529 DEBUG root      prob. class 'nervous': 	 0.028809
2023-01-13 11:58:42,529 DEBUG root      prob. class 'neutral': 	 0.083950
2023-01-13 11:58:42,529 DEBUG root      prob. class 'tired': 	 0.007820
2023-01-13 11:58:42,529 DEBUG root 
2023-01-13 11:58:42,529 DEBUG root  LibSVM  'avicInterest' result (@ time: 7.758323) :  ~~> loi2 <~~
2023-01-13 11:58:42,529 DEBUG root      prob. class 'loi1': 	 0.026182
2023-01-13 11:58:42,529 DEBUG root      prob. class 'loi2': 	 0.799731
2023-01-13 11:58:42,529 DEBUG root      prob. class 'loi3': 	 0.174087
DEBUG:root:LibSVM  'arousal' result (@ time: 7.758323) :  ~~> 0.19 <~~
DEBUG:root:
DEBUG:root:LibSVM  'valence' result (@ time: 7.758323) :  ~~> 0.08 <~~
DEBUG:root:
DEBUG:root:LibSVM  'emodbEmotion' result (@ time: 7.758323) :  ~~> disgust <~~
DEBUG:root:     prob. class 'anger': 	 0.013417
DEBUG:root:     prob. class 'boredom': 	 0.026184
DEBUG:root:     prob. class 'disgust': 	 0.513231
DEBUG:root:     prob. class 'fear': 	 0.326776
DEBUG:root:     prob. class 'happiness': 	 0.031667
DEBUG:root:     prob. class 'neutral': 	 0.018464
DEBUG:root:     prob. class 'sadness': 	 0.070262
DEBUG:root:
DEBUG:root:LibSVM  'abcAffect' result (@ time: 7.758323) :  ~~> agressiv <~~
DEBUG:root:     prob. class 'agressiv': 	 0.784096
DEBUG:root:     prob. class 'cheerful': 	 0.062420
DEBUG:root:     prob. class 'intoxicated': 	 0.032906
DEBUG:root:     prob. class 'nervous': 	 0.028809
DEBUG:root:     prob. class 'neutral': 	 0.083950
DEBUG:root:     prob. class 'tired': 	 0.007820
DEBUG:root:
DEBUG:root: LibSVM  'avicInterest' result (@ time: 7.758323) :  ~~> loi2 <~~
DEBUG:root:     prob. class 'loi1': 	 0.026182
DEBUG:root:     prob. class 'loi2': 	 0.799731
DEBUG:root:     prob. class 'loi3': 	 0.174087
DEBUG:root:LibSVM  'arousal' result (@ time: 0.756666964920737) :  ~~> 0.5710704207154119 <~~
DEBUG:root:
DEBUG:root:LibSVM  'valence' result (@ time: 0.3933244054847874) :  ~~> 0.027928704346471767 <~~
DEBUG:root:
DEBUG:root:LibSVM  'emodbEmotion' result (@ time: 0.9521936526986374) :  ~~> disgust <~~
DEBUG:root:     prob. class 'anger': 	 0.4036092562225717
DEBUG:root:     prob. class 'boredom': 	 0.15154524259382018
DEBUG:root:     prob. class 'disgust': 	 0.5985842716881274
DEBUG:root:     prob. class 'fear': 	 0.5539344782308254
DEBUG:root:     prob. class 'happiness': 	 0.14994588737354486
DEBUG:root:     prob. class 'neutral': 	 0.43255638355248827
DEBUG:root:     prob. class 'sadness': 	 0.08167399779752738
DEBUG:root:
DEBUG:root:LibSVM  'abcAffect' result (@ time: 0.7162536827998583) :  ~~> agressiv <~~
DEBUG:root:     prob. class 'agressiv': 	 0.26208463635728774
DEBUG:root:     prob. class 'cheerful': 	 0.5875826789614861
DEBUG:root:     prob. class 'intoxicated': 	 0.8814690096434139
DEBUG:root:     prob. class 'nervous': 	 0.05321194421021758
DEBUG:root:     prob. class 'neutral': 	 0.13469038978064363
DEBUG:root:     prob. class 'tired': 	 0.34064896360936003
DEBUG:root:
DEBUG:root: LibSVM  'avicInterest' result (@ time: 0.9929993053620096) :  ~~> loi2 <~~
DEBUG:root:     prob. class 'loi1': 	 0.1369967077473181
DEBUG:root:     prob. class 'loi2': 	 0.7458530104434058
DEBUG:root:     prob. class 'loi3': 	 0.689500438102314
