DEBUG:root:LibSVM  'arousal' result (@ time: 0.22546909953347483) :  ~~> 0.8777837140420638 <~~
DEBUG:root:
DEBUG:root:LibSVM  'valence' result (@ time: 0.7272278595728661) :  ~~> 0.7432195917838975 <~~
DEBUG:root:
DEBUG:root:LibSVM  'emodbEmotion' result (@ time: 0.9827063588958141) :  ~~> disgust <~~
DEBUG:root:     prob. class 'anger': 	 0.15244659372670677
DEBUG:root:     prob. class 'boredom': 	 0.6777044946144286
DEBUG:root:     prob. class 'disgust': 	 0.013512709232227915
DEBUG:root:     prob. class 'fear': 	 0.9563574745798149
DEBUG:root:     prob. class 'happiness': 	 0.7950786250914301
DEBUG:root:     prob. class 'neutral': 	 0.31998623695486816
DEBUG:root:     prob. class 'sadness': 	 0.47356874066269505
DEBUG:root:
DEBUG:root:LibSVM  'abcAffect' result (@ time: 0.6163301489507158) :  ~~> agressiv <~~
DEBUG:root:     prob. class 'agressiv': 	 0.6209527742917169
DEBUG:root:     prob. class 'cheerful': 	 0.471579617596246
DEBUG:root:     prob. class 'intoxicated': 	 0.51450208631126
DEBUG:root:     prob. class 'nervous': 	 0.2633531243015834
DEBUG:root:     prob. class 'neutral': 	 0.6928575225756636
DEBUG:root:     prob. class 'tired': 	 0.29981638273501354
DEBUG:root:
DEBUG:root: LibSVM  'avicInterest' result (@ time: 0.11042490570919472) :  ~~> loi2 <~~
DEBUG:root:     prob. class 'loi1': 	 0.42749240526253807
DEBUG:root:     prob. class 'loi2': 	 0.43034120431394474
DEBUG:root:     prob. class 'loi3': 	 0.4652429306133343
DEBUG:root:LibSVM  'arousal' result (@ time: 0.14190382392331913) :  ~~> 0.8718532074659037 <~~
DEBUG:root:
DEBUG:root:LibSVM  'valence' result (@ time: 0.07194903562019705) :  ~~> 0.449482956239766 <~~
DEBUG:root:
DEBUG:root:LibSVM  'emodbEmotion' result (@ time: 0.619028830415025) :  ~~> disgust <~~
DEBUG:root:     prob. class 'anger': 	 0.9458376922898484
DEBUG:root:     prob. class 'boredom': 	 0.19026865290281247
DEBUG:root:     prob. class 'disgust': 	 0.9536679345550889
DEBUG:root:     prob. class 'fear': 	 0.9155839489614482
DEBUG:root:     prob. class 'happiness': 	 0.49638665892610634
DEBUG:root:     prob. class 'neutral': 	 0.38057003989035965
DEBUG:root:     prob. class 'sadness': 	 0.6119390808799717
DEBUG:root:
DEBUG:root:LibSVM  'abcAffect' result (@ time: 0.037326293757867446) :  ~~> agressiv <~~
DEBUG:root:     prob. class 'agressiv': 	 0.7362079454308588
DEBUG:root:     prob. class 'cheerful': 	 0.263523528866325
DEBUG:root:     prob. class 'intoxicated': 	 0.6445560018807692
DEBUG:root:     prob. class 'nervous': 	 0.5125563352274506
DEBUG:root:     prob. class 'neutral': 	 0.3394728086998877
DEBUG:root:     prob. class 'tired': 	 0.979795728516404
DEBUG:root:
DEBUG:root: LibSVM  'avicInterest' result (@ time: 0.596694935877868) :  ~~> loi2 <~~
DEBUG:root:     prob. class 'loi1': 	 0.3854903622185475
DEBUG:root:     prob. class 'loi2': 	 0.8077919536004231
DEBUG:root:     prob. class 'loi3': 	 0.47243377203810133
DEBUG:root:LibSVM  'arousal' result (@ time: 0.12347443873695696) :  ~~> 0.584446878189913 <~~
DEBUG:root:
DEBUG:root:LibSVM  'valence' result (@ time: 0.7831892695606328) :  ~~> 0.8377975734199098 <~~
DEBUG:root:
DEBUG:root:LibSVM  'emodbEmotion' result (@ time: 0.7670115551826138) :  ~~> disgust <~~
DEBUG:root:     prob. class 'anger': 	 0.44067115269440704
DEBUG:root:     prob. class 'boredom': 	 0.6840166526655242
DEBUG:root:     prob. class 'disgust': 	 0.8442091671511044
DEBUG:root:     prob. class 'fear': 	 0.4861717337575814
DEBUG:root:     prob. class 'happiness': 	 0.5726107525472339
DEBUG:root:     prob. class 'neutral': 	 0.22481850348289978
DEBUG:root:     prob. class 'sadness': 	 0.7685255545451417
DEBUG:root:
DEBUG:root:LibSVM  'abcAffect' result (@ time: 0.10553253800281392) :  ~~> agressiv <~~
DEBUG:root:     prob. class 'agressiv': 	 0.9786368564596357
DEBUG:root:     prob. class 'cheerful': 	 0.3555303398958225
DEBUG:root:     prob. class 'intoxicated': 	 0.9702021266663879
DEBUG:root:     prob. class 'nervous': 	 0.2263528466369662
DEBUG:root:     prob. class 'neutral': 	 0.3131929861306685
DEBUG:root:     prob. class 'tired': 	 0.3798672417898712
DEBUG:root:
DEBUG:root: LibSVM  'avicInterest' result (@ time: 0.8316664315634583) :  ~~> loi2 <~~
DEBUG:root:     prob. class 'loi1': 	 0.40323031676678
DEBUG:root:     prob. class 'loi2': 	 0.8055883417568099
DEBUG:root:     prob. class 'loi3': 	 0.5526318490901823
DEBUG:root:LibSVM  'arousal' result (@ time: 0.957285564912738) :  ~~> 0.9817644919641253 <~~
DEBUG:root:
DEBUG:root:LibSVM  'valence' result (@ time: 0.47770375849430013) :  ~~> 0.0030343766221951896 <~~
DEBUG:root:
DEBUG:root:LibSVM  'emodbEmotion' result (@ time: 0.9546190121874101) :  ~~> disgust <~~
DEBUG:root:     prob. class 'anger': 	 0.07245836240813563
DEBUG:root:     prob. class 'boredom': 	 0.22519354654065504
DEBUG:root:     prob. class 'disgust': 	 0.2090543471721351
DEBUG:root:     prob. class 'fear': 	 0.7287545904406928
DEBUG:root:     prob. class 'happiness': 	 0.4748831293323966
DEBUG:root:     prob. class 'neutral': 	 0.8913979501779692
DEBUG:root:     prob. class 'sadness': 	 0.43753613055013796
DEBUG:root:
DEBUG:root:LibSVM  'abcAffect' result (@ time: 0.43819623750706793) :  ~~> agressiv <~~
DEBUG:root:     prob. class 'agressiv': 	 0.7024602450120045
DEBUG:root:     prob. class 'cheerful': 	 0.9490986328290973
DEBUG:root:     prob. class 'intoxicated': 	 0.4457702011342667
DEBUG:root:     prob. class 'nervous': 	 0.7636381356802209
DEBUG:root:     prob. class 'neutral': 	 0.4075333031971685
DEBUG:root:     prob. class 'tired': 	 0.9350336713042416
DEBUG:root:
DEBUG:root: LibSVM  'avicInterest' result (@ time: 0.09267275412753895) :  ~~> loi2 <~~
DEBUG:root:     prob. class 'loi1': 	 0.8928327060930988
DEBUG:root:     prob. class 'loi2': 	 0.9664499678718169
DEBUG:root:     prob. class 'loi3': 	 0.8952966892907326
DEBUG:root:LibSVM  'arousal' result (@ time: 0.08274348535485898) :  ~~> 0.3068815107985502 <~~
DEBUG:root:
DEBUG:root:LibSVM  'valence' result (@ time: 0.2738008196065096) :  ~~> 0.5585894631692834 <~~
DEBUG:root:
DEBUG:root:LibSVM  'emodbEmotion' result (@ time: 0.08057661829005136) :  ~~> disgust <~~
DEBUG:root:     prob. class 'anger': 	 0.7728621881456141
DEBUG:root:     prob. class 'boredom': 	 0.0834204793397696
DEBUG:root:     prob. class 'disgust': 	 0.48033741029429156
DEBUG:root:     prob. class 'fear': 	 0.5430742301464843
DEBUG:root:     prob. class 'happiness': 	 0.9996344452109039
DEBUG:root:     prob. class 'neutral': 	 0.6535315173546562
DEBUG:root:     prob. class 'sadness': 	 0.44529394310036396
DEBUG:root:
DEBUG:root:LibSVM  'abcAffect' result (@ time: 0.6986120538314591) :  ~~> agressiv <~~
DEBUG:root:     prob. class 'agressiv': 	 0.5576262039090628
DEBUG:root:     prob. class 'cheerful': 	 0.6083322955058456
DEBUG:root:     prob. class 'intoxicated': 	 0.44333931768917634
DEBUG:root:     prob. class 'nervous': 	 0.5826926484230912
DEBUG:root:     prob. class 'neutral': 	 0.9922622275426889
DEBUG:root:     prob. class 'tired': 	 0.9554719135635067
DEBUG:root:
DEBUG:root: LibSVM  'avicInterest' result (@ time: 0.8406830086767915) :  ~~> loi2 <~~
DEBUG:root:     prob. class 'loi1': 	 0.20973336031698808
DEBUG:root:     prob. class 'loi2': 	 0.5676234513530672
DEBUG:root:     prob. class 'loi3': 	 0.6011440587769389
DEBUG:root:LibSVM  'arousal' result (@ time: 0.6185526427230985) :  ~~> 0.5139579356192738 <~~
DEBUG:root:
DEBUG:root:LibSVM  'valence' result (@ time: 0.8640647145043131) :  ~~> 0.5520556275980687 <~~
DEBUG:root:
DEBUG:root:LibSVM  'emodbEmotion' result (@ time: 0.7418381571554369) :  ~~> disgust <~~
DEBUG:root:     prob. class 'anger': 	 0.3673564027581072
DEBUG:root:     prob. class 'boredom': 	 0.8329863116190325
DEBUG:root:     prob. class 'disgust': 	 0.3417233817427445
DEBUG:root:     prob. class 'fear': 	 0.8012651690141029
DEBUG:root:     prob. class 'happiness': 	 0.5923987243205757
DEBUG:root:     prob. class 'neutral': 	 0.4894319513579749
DEBUG:root:     prob. class 'sadness': 	 0.687389498055157
DEBUG:root:
DEBUG:root:LibSVM  'abcAffect' result (@ time: 0.8794527829841559) :  ~~> agressiv <~~
DEBUG:root:     prob. class 'agressiv': 	 0.042680395737256904
DEBUG:root:     prob. class 'cheerful': 	 0.016025973483494327
DEBUG:root:     prob. class 'intoxicated': 	 0.5117191345340777
DEBUG:root:     prob. class 'nervous': 	 0.47724190040888226
DEBUG:root:     prob. class 'neutral': 	 0.5994941833272098
DEBUG:root:     prob. class 'tired': 	 0.18031235521107425
DEBUG:root:
DEBUG:root: LibSVM  'avicInterest' result (@ time: 0.35665215087994273) :  ~~> loi2 <~~
DEBUG:root:     prob. class 'loi1': 	 0.05439133301756449
DEBUG:root:     prob. class 'loi2': 	 0.491849902504779
DEBUG:root:     prob. class 'loi3': 	 0.11850042504869052
DEBUG:root:LibSVM  'arousal' result (@ time: 0.4915593298118488) :  ~~> 0.965296931604467 <~~
DEBUG:root:
DEBUG:root:LibSVM  'valence' result (@ time: 0.9548389182171246) :  ~~> 0.8190551673477766 <~~
DEBUG:root:
DEBUG:root:LibSVM  'emodbEmotion' result (@ time: 0.44776605895301347) :  ~~> disgust <~~
DEBUG:root:     prob. class 'anger': 	 0.2042378803079815
DEBUG:root:     prob. class 'boredom': 	 0.000536242349984617
DEBUG:root:     prob. class 'disgust': 	 0.13853770676806554
DEBUG:root:     prob. class 'fear': 	 0.06301399466742497
DEBUG:root:     prob. class 'happiness': 	 0.46256099807360906
DEBUG:root:     prob. class 'neutral': 	 0.880330480253631
DEBUG:root:     prob. class 'sadness': 	 0.9857634701314034
DEBUG:root:
DEBUG:root:LibSVM  'abcAffect' result (@ time: 0.8635076177395443) :  ~~> agressiv <~~
DEBUG:root:     prob. class 'agressiv': 	 0.608067923687254
DEBUG:root:     prob. class 'cheerful': 	 0.3074742468106242
DEBUG:root:     prob. class 'intoxicated': 	 0.1862636716356968
DEBUG:root:     prob. class 'nervous': 	 0.8074242618817565
DEBUG:root:     prob. class 'neutral': 	 0.71364373464473
DEBUG:root:     prob. class 'tired': 	 0.7626795579083926
DEBUG:root:
DEBUG:root: LibSVM  'avicInterest' result (@ time: 0.08116600363519555) :  ~~> loi2 <~~
DEBUG:root:     prob. class 'loi1': 	 0.1847548131791752
DEBUG:root:     prob. class 'loi2': 	 0.8761402616596429
DEBUG:root:     prob. class 'loi3': 	 0.22250419457345139
DEBUG:root:LibSVM  'arousal' result (@ time: 0.8378799214910583) :  ~~> 0.6570649719104009 <~~
DEBUG:root:
DEBUG:root:LibSVM  'valence' result (@ time: 0.4547178519564612) :  ~~> 0.08736825514781876 <~~
DEBUG:root:
DEBUG:root:LibSVM  'emodbEmotion' result (@ time: 0.25452640710619856) :  ~~> disgust <~~
DEBUG:root:     prob. class 'anger': 	 0.6400968891143038
DEBUG:root:     prob. class 'boredom': 	 0.11309859731823402
DEBUG:root:     prob. class 'disgust': 	 0.649110312375591
DEBUG:root:     prob. class 'fear': 	 0.21430833470517585
DEBUG:root:     prob. class 'happiness': 	 0.2130407960058106
DEBUG:root:     prob. class 'neutral': 	 0.3082824343522518
DEBUG:root:     prob. class 'sadness': 	 0.3532338606637234
DEBUG:root:
DEBUG:root:LibSVM  'abcAffect' result (@ time: 0.6173055371307051) :  ~~> agressiv <~~
DEBUG:root:     prob. class 'agressiv': 	 0.8135771151622283
DEBUG:root:     prob. class 'cheerful': 	 0.8581871437834677
DEBUG:root:     prob. class 'intoxicated': 	 0.1049433231715231
DEBUG:root:     prob. class 'nervous': 	 0.7546392283223088
DEBUG:root:     prob. class 'neutral': 	 0.604006342231772
DEBUG:root:     prob. class 'tired': 	 0.16807813515986403
DEBUG:root:
DEBUG:root: LibSVM  'avicInterest' result (@ time: 0.8219826902276) :  ~~> loi2 <~~
DEBUG:root:     prob. class 'loi1': 	 0.7851467326216858
DEBUG:root:     prob. class 'loi2': 	 0.7520825936067645
DEBUG:root:     prob. class 'loi3': 	 0.08585056744990127
DEBUG:root:LibSVM  'arousal' result (@ time: 0.09524843519992576) :  ~~> 0.31491065996320966 <~~
DEBUG:root:
DEBUG:root:LibSVM  'valence' result (@ time: 0.5048335395301115) :  ~~> 0.5219551483364204 <~~
DEBUG:root:
DEBUG:root:LibSVM  'emodbEmotion' result (@ time: 0.39116890515139846) :  ~~> disgust <~~
DEBUG:root:     prob. class 'anger': 	 0.2773363526651863
DEBUG:root:     prob. class 'boredom': 	 0.6906735192681784
DEBUG:root:     prob. class 'disgust': 	 0.4852527569042375
DEBUG:root:     prob. class 'fear': 	 0.8032771804681947
DEBUG:root:     prob. class 'happiness': 	 0.9506314678739057
DEBUG:root:     prob. class 'neutral': 	 0.12066103397644912
DEBUG:root:     prob. class 'sadness': 	 0.17747502020806682
DEBUG:root:
DEBUG:root:LibSVM  'abcAffect' result (@ time: 0.9201459661494287) :  ~~> agressiv <~~
DEBUG:root:     prob. class 'agressiv': 	 0.07364751464842656
DEBUG:root:     prob. class 'cheerful': 	 0.4882633690096557
DEBUG:root:     prob. class 'intoxicated': 	 0.1699551349344277
DEBUG:root:     prob. class 'nervous': 	 0.23162237582749168
DEBUG:root:     prob. class 'neutral': 	 0.7918883694494526
DEBUG:root:     prob. class 'tired': 	 0.31847957558254825
DEBUG:root:
DEBUG:root: LibSVM  'avicInterest' result (@ time: 0.5315297528495079) :  ~~> loi2 <~~
DEBUG:root:     prob. class 'loi1': 	 0.6307929880297641
DEBUG:root:     prob. class 'loi2': 	 0.8945100801406541
DEBUG:root:     prob. class 'loi3': 	 0.21505489348486906
DEBUG:root:LibSVM  'arousal' result (@ time: 0.7107322767006204) :  ~~> 0.8900819267226509 <~~
DEBUG:root:
DEBUG:root:LibSVM  'valence' result (@ time: 0.006193169326716763) :  ~~> 0.05362365040576722 <~~
DEBUG:root:
DEBUG:root:LibSVM  'emodbEmotion' result (@ time: 0.4821554032703099) :  ~~> disgust <~~
DEBUG:root:     prob. class 'anger': 	 0.885861062507499
DEBUG:root:     prob. class 'boredom': 	 0.6032408455492261
DEBUG:root:     prob. class 'disgust': 	 0.844248009372616
DEBUG:root:     prob. class 'fear': 	 0.8213828964596814
DEBUG:root:     prob. class 'happiness': 	 0.23745391772366387
DEBUG:root:     prob. class 'neutral': 	 0.28148336890681613
DEBUG:root:     prob. class 'sadness': 	 0.6587369991242534
DEBUG:root:
DEBUG:root:LibSVM  'abcAffect' result (@ time: 0.06347735101199636) :  ~~> agressiv <~~
DEBUG:root:     prob. class 'agressiv': 	 0.7500699852676762
DEBUG:root:     prob. class 'cheerful': 	 0.3724731028826471
DEBUG:root:     prob. class 'intoxicated': 	 0.6393288571666437
DEBUG:root:     prob. class 'nervous': 	 0.1963326682507307
DEBUG:root:     prob. class 'neutral': 	 0.3033487528942813
DEBUG:root:     prob. class 'tired': 	 0.39679620938600113
DEBUG:root:
DEBUG:root: LibSVM  'avicInterest' result (@ time: 0.04584679611947973) :  ~~> loi2 <~~
DEBUG:root:     prob. class 'loi1': 	 0.3715348859149906
DEBUG:root:     prob. class 'loi2': 	 0.8094868686988839
DEBUG:root:     prob. class 'loi3': 	 0.699208155973211
DEBUG:root:LibSVM  'arousal' result (@ time: 0.34388125939723224) :  ~~> 0.042070633471126495 <~~
DEBUG:root:
DEBUG:root:LibSVM  'valence' result (@ time: 0.7796303592602247) :  ~~> 0.2567548362164829 <~~
DEBUG:root:
DEBUG:root:LibSVM  'emodbEmotion' result (@ time: 0.9445338472495287) :  ~~> disgust <~~
DEBUG:root:     prob. class 'anger': 	 0.2212974744174272
DEBUG:root:     prob. class 'boredom': 	 0.9342658918168012
DEBUG:root:     prob. class 'disgust': 	 0.21607989664028626
DEBUG:root:     prob. class 'fear': 	 0.9159319641676846
DEBUG:root:     prob. class 'happiness': 	 0.23499596626978891
DEBUG:root:     prob. class 'neutral': 	 0.284320403862217
DEBUG:root:     prob. class 'sadness': 	 0.7281497635607219
DEBUG:root:
DEBUG:root:LibSVM  'abcAffect' result (@ time: 0.8542388322282172) :  ~~> agressiv <~~
DEBUG:root:     prob. class 'agressiv': 	 0.01605770813526275
DEBUG:root:     prob. class 'cheerful': 	 0.6233340184199397
DEBUG:root:     prob. class 'intoxicated': 	 0.08584520895535197
DEBUG:root:     prob. class 'nervous': 	 0.8878620362702256
DEBUG:root:     prob. class 'neutral': 	 0.5117437481095107
DEBUG:root:     prob. class 'tired': 	 0.6616171580549384
DEBUG:root:
DEBUG:root: LibSVM  'avicInterest' result (@ time: 0.45198587710835936) :  ~~> loi2 <~~
DEBUG:root:     prob. class 'loi1': 	 0.21840495040463925
DEBUG:root:     prob. class 'loi2': 	 0.0706167650432743
DEBUG:root:     prob. class 'loi3': 	 0.0014324828481770968
DEBUG:root:LibSVM  'arousal' result (@ time: 0.6409137592924059) :  ~~> 0.23984108804819237 <~~
DEBUG:root:
DEBUG:root:LibSVM  'valence' result (@ time: 0.5340825055710083) :  ~~> 0.026961104885533826 <~~
DEBUG:root:
DEBUG:root:LibSVM  'emodbEmotion' result (@ time: 0.5537073479607851) :  ~~> disgust <~~
DEBUG:root:     prob. class 'anger': 	 0.3732021340486775
DEBUG:root:     prob. class 'boredom': 	 0.3866720977826744
DEBUG:root:     prob. class 'disgust': 	 0.3123522013842559
DEBUG:root:     prob. class 'fear': 	 0.3439748260992065
DEBUG:root:     prob. class 'happiness': 	 0.6540378626102245
DEBUG:root:     prob. class 'neutral': 	 0.0518424809034812
DEBUG:root:     prob. class 'sadness': 	 0.838186831915765
DEBUG:root:
DEBUG:root:LibSVM  'abcAffect' result (@ time: 0.38236853574881524) :  ~~> agressiv <~~
DEBUG:root:     prob. class 'agressiv': 	 0.0705998098328845
DEBUG:root:     prob. class 'cheerful': 	 0.05089733291173981
DEBUG:root:     prob. class 'intoxicated': 	 0.7568318358415494
DEBUG:root:     prob. class 'nervous': 	 0.4558716423446907
DEBUG:root:     prob. class 'neutral': 	 0.2844857276175663
DEBUG:root:     prob. class 'tired': 	 0.44588082106343063
DEBUG:root:
DEBUG:root: LibSVM  'avicInterest' result (@ time: 0.6538847412890539) :  ~~> loi2 <~~
DEBUG:root:     prob. class 'loi1': 	 0.8115923984788627
DEBUG:root:     prob. class 'loi2': 	 0.20953997712768901
DEBUG:root:     prob. class 'loi3': 	 0.36453295202368663
DEBUG:root:LibSVM  'arousal' result (@ time: 0.8741848312422306) :  ~~> 0.5077567516853291 <~~
DEBUG:root:
DEBUG:root:LibSVM  'valence' result (@ time: 0.11426630058674014) :  ~~> 0.007711014582970854 <~~
DEBUG:root:
DEBUG:root:LibSVM  'emodbEmotion' result (@ time: 0.03478652625763223) :  ~~> disgust <~~
DEBUG:root:     prob. class 'anger': 	 0.31221349546033195
DEBUG:root:     prob. class 'boredom': 	 0.5977434706766184
DEBUG:root:     prob. class 'disgust': 	 0.6533397874672646
DEBUG:root:     prob. class 'fear': 	 0.729862809333831
DEBUG:root:     prob. class 'happiness': 	 0.24420843465369035
DEBUG:root:     prob. class 'neutral': 	 0.4814068739860353
DEBUG:root:     prob. class 'sadness': 	 0.6125468744785395
DEBUG:root:
DEBUG:root:LibSVM  'abcAffect' result (@ time: 0.01744212490322805) :  ~~> agressiv <~~
DEBUG:root:     prob. class 'agressiv': 	 0.3122528269864827
DEBUG:root:     prob. class 'cheerful': 	 0.19432679087156934
DEBUG:root:     prob. class 'intoxicated': 	 0.7831468494477438
DEBUG:root:     prob. class 'nervous': 	 0.8946075276782264
DEBUG:root:     prob. class 'neutral': 	 0.8352587230684327
DEBUG:root:     prob. class 'tired': 	 0.4713798241199433
DEBUG:root:
DEBUG:root: LibSVM  'avicInterest' result (@ time: 0.8107541952263614) :  ~~> loi2 <~~
DEBUG:root:     prob. class 'loi1': 	 0.005703439371633867
DEBUG:root:     prob. class 'loi2': 	 0.842607764729574
DEBUG:root:     prob. class 'loi3': 	 0.7406194551305892
DEBUG:root:LibSVM  'arousal' result (@ time: 0.8093525049423202) :  ~~> 0.3708121854363374 <~~
DEBUG:root:
DEBUG:root:LibSVM  'valence' result (@ time: 0.5274491655208027) :  ~~> 0.8783082404779667 <~~
DEBUG:root:
DEBUG:root:LibSVM  'emodbEmotion' result (@ time: 0.34084203115390466) :  ~~> disgust <~~
DEBUG:root:     prob. class 'anger': 	 0.45497504271953737
DEBUG:root:     prob. class 'boredom': 	 0.5825672035159405
DEBUG:root:     prob. class 'disgust': 	 0.36272669911439714
DEBUG:root:     prob. class 'fear': 	 0.9778043095124935
DEBUG:root:     prob. class 'happiness': 	 0.9800214909950693
DEBUG:root:     prob. class 'neutral': 	 0.7949155608319676
DEBUG:root:     prob. class 'sadness': 	 0.3192647681125875
DEBUG:root:
DEBUG:root:LibSVM  'abcAffect' result (@ time: 0.44145372146268524) :  ~~> agressiv <~~
DEBUG:root:     prob. class 'agressiv': 	 0.9359044513590925
DEBUG:root:     prob. class 'cheerful': 	 0.5451353312587919
DEBUG:root:     prob. class 'intoxicated': 	 0.0021102951567165684
DEBUG:root:     prob. class 'nervous': 	 0.04909191774615096
DEBUG:root:     prob. class 'neutral': 	 0.6038170902642055
DEBUG:root:     prob. class 'tired': 	 0.6344700628316061
DEBUG:root:
DEBUG:root: LibSVM  'avicInterest' result (@ time: 0.07882685674772061) :  ~~> loi2 <~~
DEBUG:root:     prob. class 'loi1': 	 0.35871709402854046
DEBUG:root:     prob. class 'loi2': 	 0.6066591577378051
DEBUG:root:     prob. class 'loi3': 	 0.7923588981956324
DEBUG:root:LibSVM  'arousal' result (@ time: 1) :  ~~> 0.39197396134682816 <~~
DEBUG:root:
DEBUG:root:LibSVM  'valence' result (@ time: 0.24922838042940176) :  ~~> 0.3120347141842079 <~~
DEBUG:root:
DEBUG:root:LibSVM  'emodbEmotion' result (@ time: 0.6053387639772387) :  ~~> disgust <~~
DEBUG:root:     prob. class 'anger': 	 0.19353990179741243
DEBUG:root:     prob. class 'boredom': 	 0.12124458935092874
DEBUG:root:     prob. class 'disgust': 	 0.7538972745453073
DEBUG:root:     prob. class 'fear': 	 0.018166794161199373
DEBUG:root:     prob. class 'happiness': 	 0.9500718147524324
DEBUG:root:     prob. class 'neutral': 	 0.9884623433186178
DEBUG:root:     prob. class 'sadness': 	 0.10602247924630404
DEBUG:root:
DEBUG:root:LibSVM  'abcAffect' result (@ time: 0.9123341778636463) :  ~~> agressiv <~~
DEBUG:root:     prob. class 'agressiv': 	 0.9577313190750488
DEBUG:root:     prob. class 'cheerful': 	 0.3384100280314344
DEBUG:root:     prob. class 'intoxicated': 	 0.07487199936836508
DEBUG:root:     prob. class 'nervous': 	 0.5069080825107852
DEBUG:root:     prob. class 'neutral': 	 0.02036187033710335
DEBUG:root:     prob. class 'tired': 	 0.5985681025422821
DEBUG:root:
DEBUG:root: LibSVM  'avicInterest' result (@ time: 0.3633771928539068) :  ~~> loi2 <~~
DEBUG:root:     prob. class 'loi1': 	 0.8014121265288943
DEBUG:root:     prob. class 'loi2': 	 0.5155472639179194
DEBUG:root:     prob. class 'loi3': 	 0.2406685717892203
DEBUG:root:LibSVM  'arousal' result (@ time: 2) :  ~~> 0.6364317711364927 <~~
DEBUG:root:
DEBUG:root:LibSVM  'valence' result (@ time: 0.6927599148251629) :  ~~> 0.8494649547178742 <~~
DEBUG:root:
DEBUG:root:LibSVM  'emodbEmotion' result (@ time: 0.22254540021812008) :  ~~> disgust <~~
DEBUG:root:     prob. class 'anger': 	 0.06242158604826131
DEBUG:root:     prob. class 'boredom': 	 0.23011268830920528
DEBUG:root:     prob. class 'disgust': 	 0.47396734127751794
DEBUG:root:     prob. class 'fear': 	 0.5648525861414255
DEBUG:root:     prob. class 'happiness': 	 0.8928769761313065
DEBUG:root:     prob. class 'neutral': 	 0.1431247465658686
DEBUG:root:     prob. class 'sadness': 	 0.6075056226605399
DEBUG:root:
DEBUG:root:LibSVM  'abcAffect' result (@ time: 0.6847009739486953) :  ~~> agressiv <~~
DEBUG:root:     prob. class 'agressiv': 	 0.938390646757222
DEBUG:root:     prob. class 'cheerful': 	 0.6673194301195058
DEBUG:root:     prob. class 'intoxicated': 	 0.4331758955307643
DEBUG:root:     prob. class 'nervous': 	 0.18292129973268378
DEBUG:root:     prob. class 'neutral': 	 0.17985632875648383
DEBUG:root:     prob. class 'tired': 	 0.4165436851426406
DEBUG:root:
DEBUG:root: LibSVM  'avicInterest' result (@ time: 0.7752392017584089) :  ~~> loi2 <~~
DEBUG:root:     prob. class 'loi1': 	 0.16314713567363515
DEBUG:root:     prob. class 'loi2': 	 0.40098600344406865
DEBUG:root:     prob. class 'loi3': 	 0.9648738868364234
DEBUG:root:LibSVM  'arousal' result (@ time: 3) :  ~~> 0.9033595831689204 <~~
DEBUG:root:
DEBUG:root:LibSVM  'valence' result (@ time: 0.4958613429172467) :  ~~> 0.17114059126254666 <~~
DEBUG:root:
DEBUG:root:LibSVM  'emodbEmotion' result (@ time: 0.9016089460968398) :  ~~> disgust <~~
DEBUG:root:     prob. class 'anger': 	 0.5177931502826152
DEBUG:root:     prob. class 'boredom': 	 0.9432816658500555
DEBUG:root:     prob. class 'disgust': 	 0.3792251840943939
DEBUG:root:     prob. class 'fear': 	 0.9056607514778143
DEBUG:root:     prob. class 'happiness': 	 0.9074071553389702
DEBUG:root:     prob. class 'neutral': 	 0.5950546599829475
DEBUG:root:     prob. class 'sadness': 	 0.6377953951681026
DEBUG:root:
DEBUG:root:LibSVM  'abcAffect' result (@ time: 0.05736077980657883) :  ~~> agressiv <~~
DEBUG:root:     prob. class 'agressiv': 	 0.7261187418634586
DEBUG:root:     prob. class 'cheerful': 	 0.3998955762271793
DEBUG:root:     prob. class 'intoxicated': 	 0.1661227175940605
DEBUG:root:     prob. class 'nervous': 	 0.15732474486716308
DEBUG:root:     prob. class 'neutral': 	 0.5128295112107193
DEBUG:root:     prob. class 'tired': 	 0.551271561352389
DEBUG:root:
DEBUG:root: LibSVM  'avicInterest' result (@ time: 0.9277864328773854) :  ~~> loi2 <~~
DEBUG:root:     prob. class 'loi1': 	 0.26408819760180546
DEBUG:root:     prob. class 'loi2': 	 0.6536493625573025
DEBUG:root:     prob. class 'loi3': 	 0.05345530921659436
DEBUG:root:LibSVM  'arousal' result (@ time: 4) :  ~~> 0.08841199063899641 <~~
DEBUG:root:
DEBUG:root:LibSVM  'valence' result (@ time: 0.021429282889923962) :  ~~> 0.17963427120800113 <~~
DEBUG:root:
DEBUG:root:LibSVM  'emodbEmotion' result (@ time: 0.390047430666869) :  ~~> disgust <~~
DEBUG:root:     prob. class 'anger': 	 0.15859898566913577
DEBUG:root:     prob. class 'boredom': 	 0.7053962417703744
DEBUG:root:     prob. class 'disgust': 	 0.33286808675091695
DEBUG:root:     prob. class 'fear': 	 0.16606658694420262
DEBUG:root:     prob. class 'happiness': 	 0.28349957096260014
DEBUG:root:     prob. class 'neutral': 	 0.8289423295373053
DEBUG:root:     prob. class 'sadness': 	 0.7402543536404935
DEBUG:root:
DEBUG:root:LibSVM  'abcAffect' result (@ time: 0.16366665096921784) :  ~~> agressiv <~~
DEBUG:root:     prob. class 'agressiv': 	 0.23303934441445084
DEBUG:root:     prob. class 'cheerful': 	 0.4101941991486313
DEBUG:root:     prob. class 'intoxicated': 	 0.7930093240135014
DEBUG:root:     prob. class 'nervous': 	 0.18048033282996134
DEBUG:root:     prob. class 'neutral': 	 0.4091082888045183
DEBUG:root:     prob. class 'tired': 	 0.6989814044475825
DEBUG:root:
DEBUG:root: LibSVM  'avicInterest' result (@ time: 0.2661104001829828) :  ~~> loi2 <~~
DEBUG:root:     prob. class 'loi1': 	 0.8982406773169533
DEBUG:root:     prob. class 'loi2': 	 0.14655325458463608
DEBUG:root:     prob. class 'loi3': 	 0.0032549580121264965
DEBUG:root:LibSVM  'arousal' result (@ time: 5) :  ~~> 0.691590106977913 <~~
DEBUG:root:
DEBUG:root:LibSVM  'valence' result (@ time: 0.9449100653944333) :  ~~> 0.4284069454797489 <~~
DEBUG:root:
DEBUG:root:LibSVM  'emodbEmotion' result (@ time: 0.9914429164697515) :  ~~> disgust <~~
DEBUG:root:     prob. class 'anger': 	 0.12510513416082447
DEBUG:root:     prob. class 'boredom': 	 0.5604057499392905
DEBUG:root:     prob. class 'disgust': 	 0.10184858975846012
DEBUG:root:     prob. class 'fear': 	 0.38863304160825474
DEBUG:root:     prob. class 'happiness': 	 0.34035901106155864
DEBUG:root:     prob. class 'neutral': 	 0.16367832471419663
DEBUG:root:     prob. class 'sadness': 	 0.3178011886937153
DEBUG:root:
DEBUG:root:LibSVM  'abcAffect' result (@ time: 0.2668107037354964) :  ~~> agressiv <~~
DEBUG:root:     prob. class 'agressiv': 	 0.5911573631587611
DEBUG:root:     prob. class 'cheerful': 	 0.018776922540421626
DEBUG:root:     prob. class 'intoxicated': 	 0.9361555811830617
DEBUG:root:     prob. class 'nervous': 	 0.716985847865861
DEBUG:root:     prob. class 'neutral': 	 0.5468769942146359
DEBUG:root:     prob. class 'tired': 	 0.833174863275025
DEBUG:root:
DEBUG:root: LibSVM  'avicInterest' result (@ time: 0.3053542604237296) :  ~~> loi2 <~~
DEBUG:root:     prob. class 'loi1': 	 0.5332309367680604
DEBUG:root:     prob. class 'loi2': 	 0.832040349040304
DEBUG:root:     prob. class 'loi3': 	 0.015300163678612755
DEBUG:root:LibSVM  'arousal' result (@ time: 6) :  ~~> 0.6423994729570349 <~~
DEBUG:root:
DEBUG:root:LibSVM  'valence' result (@ time: 0.8645302067448947) :  ~~> 0.5721309636511355 <~~
DEBUG:root:
DEBUG:root:LibSVM  'emodbEmotion' result (@ time: 0.7245901873148312) :  ~~> disgust <~~
DEBUG:root:     prob. class 'anger': 	 0.24778508501741736
DEBUG:root:     prob. class 'boredom': 	 0.8469686496661434
DEBUG:root:     prob. class 'disgust': 	 0.26848422283775664
DEBUG:root:     prob. class 'fear': 	 0.6406921118928669
DEBUG:root:     prob. class 'happiness': 	 0.7788256090589245
DEBUG:root:     prob. class 'neutral': 	 0.7777498263610885
DEBUG:root:     prob. class 'sadness': 	 0.8433090812377734
DEBUG:root:
DEBUG:root:LibSVM  'abcAffect' result (@ time: 0.7064236127465631) :  ~~> agressiv <~~
DEBUG:root:     prob. class 'agressiv': 	 0.18793203280948423
DEBUG:root:     prob. class 'cheerful': 	 0.8271145422100119
DEBUG:root:     prob. class 'intoxicated': 	 0.8608925834942969
DEBUG:root:     prob. class 'nervous': 	 0.40811135795896614
DEBUG:root:     prob. class 'neutral': 	 0.0031179640757363902
DEBUG:root:     prob. class 'tired': 	 0.22288897105894878
DEBUG:root:
DEBUG:root: LibSVM  'avicInterest' result (@ time: 0.06033229617048563) :  ~~> loi2 <~~
DEBUG:root:     prob. class 'loi1': 	 0.803850638584907
DEBUG:root:     prob. class 'loi2': 	 0.5094234660373558
DEBUG:root:     prob. class 'loi3': 	 0.0840292241217444
DEBUG:root:LibSVM  'arousal' result (@ time: 7) :  ~~> 0.20594032793752914 <~~
DEBUG:root:
DEBUG:root:LibSVM  'valence' result (@ time: 0.6947372976409514) :  ~~> 0.7497574424247064 <~~
DEBUG:root:
DEBUG:root:LibSVM  'emodbEmotion' result (@ time: 0.4596257353465253) :  ~~> disgust <~~
DEBUG:root:     prob. class 'anger': 	 0.8240894026321716
DEBUG:root:     prob. class 'boredom': 	 0.32217015747402467
DEBUG:root:     prob. class 'disgust': 	 0.634378226835611
DEBUG:root:     prob. class 'fear': 	 0.038114530851537265
DEBUG:root:     prob. class 'happiness': 	 0.33725004314000984
DEBUG:root:     prob. class 'neutral': 	 0.5208021160699741
DEBUG:root:     prob. class 'sadness': 	 0.7862626775418745
DEBUG:root:
DEBUG:root:LibSVM  'abcAffect' result (@ time: 0.6270359025954876) :  ~~> agressiv <~~
DEBUG:root:     prob. class 'agressiv': 	 0.9300818848031936
DEBUG:root:     prob. class 'cheerful': 	 0.19694857884433503
DEBUG:root:     prob. class 'intoxicated': 	 0.5862044246916562
DEBUG:root:     prob. class 'nervous': 	 0.17044004645197464
DEBUG:root:     prob. class 'neutral': 	 0.6148668564377708
DEBUG:root:     prob. class 'tired': 	 0.683990741247104
DEBUG:root:
DEBUG:root: LibSVM  'avicInterest' result (@ time: 0.406592908310763) :  ~~> loi2 <~~
DEBUG:root:     prob. class 'loi1': 	 0.3405025460895753
DEBUG:root:     prob. class 'loi2': 	 0.13147675645809354
DEBUG:root:     prob. class 'loi3': 	 0.9663047764443783
DEBUG:root:LibSVM  'arousal' result (@ time: 8) :  ~~> 0.703957689017255 <~~
DEBUG:root:
DEBUG:root:LibSVM  'valence' result (@ time: 0.37613227365992696) :  ~~> 0.9302250571669833 <~~
DEBUG:root:
DEBUG:root:LibSVM  'emodbEmotion' result (@ time: 0.6229731607290926) :  ~~> disgust <~~
DEBUG:root:     prob. class 'anger': 	 0.7124077585045578
DEBUG:root:     prob. class 'boredom': 	 0.9422026312135131
DEBUG:root:     prob. class 'disgust': 	 0.35295300897046555
DEBUG:root:     prob. class 'fear': 	 0.7489662485058539
DEBUG:root:     prob. class 'happiness': 	 0.038792993840825685
DEBUG:root:     prob. class 'neutral': 	 0.7304481123831555
DEBUG:root:     prob. class 'sadness': 	 0.25474608886075434
DEBUG:root:
DEBUG:root:LibSVM  'abcAffect' result (@ time: 0.867232529429953) :  ~~> agressiv <~~
DEBUG:root:     prob. class 'agressiv': 	 0.8511639859393104
DEBUG:root:     prob. class 'cheerful': 	 0.6056866234823457
DEBUG:root:     prob. class 'intoxicated': 	 0.5401098802267219
DEBUG:root:     prob. class 'nervous': 	 0.9356934728864641
DEBUG:root:     prob. class 'neutral': 	 0.26161351202602745
DEBUG:root:     prob. class 'tired': 	 0.287624345076646
DEBUG:root:
DEBUG:root: LibSVM  'avicInterest' result (@ time: 0.6528407755381579) :  ~~> loi2 <~~
DEBUG:root:     prob. class 'loi1': 	 0.6235385363177255
DEBUG:root:     prob. class 'loi2': 	 0.8558908749395574
DEBUG:root:     prob. class 'loi3': 	 0.8842493777922459
DEBUG:root:LibSVM  'arousal' result (@ time: 9) :  ~~> 0.2877799237580364 <~~
DEBUG:root:
DEBUG:root:LibSVM  'valence' result (@ time: 0.7328231256584944) :  ~~> 0.6899931649295037 <~~
DEBUG:root:
DEBUG:root:LibSVM  'emodbEmotion' result (@ time: 0.12236099922075205) :  ~~> disgust <~~
DEBUG:root:     prob. class 'anger': 	 0.023219343052125696
DEBUG:root:     prob. class 'boredom': 	 0.16149367209937515
DEBUG:root:     prob. class 'disgust': 	 0.928073222736024
DEBUG:root:     prob. class 'fear': 	 0.726923719804996
DEBUG:root:     prob. class 'happiness': 	 0.5175899050502261
DEBUG:root:     prob. class 'neutral': 	 0.8860603282215405
DEBUG:root:     prob. class 'sadness': 	 0.6871524657775243
DEBUG:root:
DEBUG:root:LibSVM  'abcAffect' result (@ time: 0.34546672201229756) :  ~~> agressiv <~~
DEBUG:root:     prob. class 'agressiv': 	 0.43133032846116937
DEBUG:root:     prob. class 'cheerful': 	 0.8968181003321173
DEBUG:root:     prob. class 'intoxicated': 	 0.3408388861173688
DEBUG:root:     prob. class 'nervous': 	 0.3677182136933025
DEBUG:root:     prob. class 'neutral': 	 0.5788308556335173
DEBUG:root:     prob. class 'tired': 	 0.45787241577219384
DEBUG:root:
DEBUG:root: LibSVM  'avicInterest' result (@ time: 0.6443736141039659) :  ~~> loi2 <~~
DEBUG:root:     prob. class 'loi1': 	 0.5953308702810911
DEBUG:root:     prob. class 'loi2': 	 0.14899031457203527
DEBUG:root:     prob. class 'loi3': 	 0.9351758425445506
DEBUG:root:LibSVM  'arousal' result (@ time: 10) :  ~~> 0.8064197118068162 <~~
DEBUG:root:
DEBUG:root:LibSVM  'valence' result (@ time: 0.1192438266768876) :  ~~> 0.18101501591163982 <~~
DEBUG:root:
DEBUG:root:LibSVM  'emodbEmotion' result (@ time: 0.6870188553663439) :  ~~> disgust <~~
DEBUG:root:     prob. class 'anger': 	 0.6147390397694229
DEBUG:root:     prob. class 'boredom': 	 0.6778681154497803
DEBUG:root:     prob. class 'disgust': 	 0.25826479621674814
DEBUG:root:     prob. class 'fear': 	 0.1813059678872485
DEBUG:root:     prob. class 'happiness': 	 0.7943932235738049
DEBUG:root:     prob. class 'neutral': 	 0.8855897394366239
DEBUG:root:     prob. class 'sadness': 	 0.610268826547224
DEBUG:root:
DEBUG:root:LibSVM  'abcAffect' result (@ time: 0.0512212274512559) :  ~~> agressiv <~~
DEBUG:root:     prob. class 'agressiv': 	 0.7423781628287363
DEBUG:root:     prob. class 'cheerful': 	 0.9770781819520832
DEBUG:root:     prob. class 'intoxicated': 	 0.8632424360000205
DEBUG:root:     prob. class 'nervous': 	 0.4131046731979594
DEBUG:root:     prob. class 'neutral': 	 0.6766800432414285
DEBUG:root:     prob. class 'tired': 	 0.5425889327878615
DEBUG:root:
DEBUG:root: LibSVM  'avicInterest' result (@ time: 0.8924889024935696) :  ~~> loi2 <~~
DEBUG:root:     prob. class 'loi1': 	 0.24685941850561255
DEBUG:root:     prob. class 'loi2': 	 0.0025439320321382075
DEBUG:root:     prob. class 'loi3': 	 0.14570999736111911
DEBUG:root:LibSVM  'arousal' result (@ time: 11) :  ~~> 0.871622830113494 <~~
DEBUG:root:
DEBUG:root:LibSVM  'valence' result (@ time: 0.5117080595449166) :  ~~> 0.4126847362674082 <~~
DEBUG:root:
DEBUG:root:LibSVM  'emodbEmotion' result (@ time: 0.9716553703020869) :  ~~> disgust <~~
DEBUG:root:     prob. class 'anger': 	 0.06866118532976262
DEBUG:root:     prob. class 'boredom': 	 0.5405947967451297
DEBUG:root:     prob. class 'disgust': 	 0.914232959062166
DEBUG:root:     prob. class 'fear': 	 0.8260647351859817
DEBUG:root:     prob. class 'happiness': 	 0.1560641987473831
DEBUG:root:     prob. class 'neutral': 	 0.5173806449221674
DEBUG:root:     prob. class 'sadness': 	 0.5148049459015618
DEBUG:root:
DEBUG:root:LibSVM  'abcAffect' result (@ time: 0.7501263955341239) :  ~~> agressiv <~~
DEBUG:root:     prob. class 'agressiv': 	 0.6620137626925053
DEBUG:root:     prob. class 'cheerful': 	 0.7419839359304456
DEBUG:root:     prob. class 'intoxicated': 	 0.7811817628708185
DEBUG:root:     prob. class 'nervous': 	 0.7282581239501954
DEBUG:root:     prob. class 'neutral': 	 0.3220031542074757
DEBUG:root:     prob. class 'tired': 	 0.11692126717777251
DEBUG:root:
DEBUG:root: LibSVM  'avicInterest' result (@ time: 0.18047816606301903) :  ~~> loi2 <~~
DEBUG:root:     prob. class 'loi1': 	 0.9917478823922253
DEBUG:root:     prob. class 'loi2': 	 0.27643619890768634
DEBUG:root:     prob. class 'loi3': 	 0.8798034532482372
DEBUG:root:LibSVM  'arousal' result (@ time: 12) :  ~~> 0.1904735368815047 <~~
DEBUG:root:
DEBUG:root:LibSVM  'valence' result (@ time: 0.9790019368381072) :  ~~> 0.5437153751938163 <~~
DEBUG:root:
DEBUG:root:LibSVM  'emodbEmotion' result (@ time: 0.2968156284876968) :  ~~> disgust <~~
DEBUG:root:     prob. class 'anger': 	 0.43962375502255446
DEBUG:root:     prob. class 'boredom': 	 0.6087748345002573
DEBUG:root:     prob. class 'disgust': 	 0.38889752111743003
DEBUG:root:     prob. class 'fear': 	 0.45464043377509844
DEBUG:root:     prob. class 'happiness': 	 0.4515359633669108
DEBUG:root:     prob. class 'neutral': 	 0.35441051731659645
DEBUG:root:     prob. class 'sadness': 	 0.6609794762251133
DEBUG:root:
DEBUG:root:LibSVM  'abcAffect' result (@ time: 0.6339654365790156) :  ~~> agressiv <~~
DEBUG:root:     prob. class 'agressiv': 	 0.5564984315589631
DEBUG:root:     prob. class 'cheerful': 	 0.5417570316332586
DEBUG:root:     prob. class 'intoxicated': 	 0.269517429057216
DEBUG:root:     prob. class 'nervous': 	 0.9225533908138979
DEBUG:root:     prob. class 'neutral': 	 0.6957580669516894
DEBUG:root:     prob. class 'tired': 	 0.6834775882109971
DEBUG:root:
DEBUG:root: LibSVM  'avicInterest' result (@ time: 0.7017704969291366) :  ~~> loi2 <~~
DEBUG:root:     prob. class 'loi1': 	 0.8986619667147872
DEBUG:root:     prob. class 'loi2': 	 0.2807669010608036
DEBUG:root:     prob. class 'loi3': 	 0.022085241502470487
DEBUG:root:LibSVM  'arousal' result (@ time: 13) :  ~~> 0.03052842073319595 <~~
DEBUG:root:
DEBUG:root:LibSVM  'valence' result (@ time: 0.39822040432078676) :  ~~> 0.6798249366435591 <~~
DEBUG:root:
DEBUG:root:LibSVM  'emodbEmotion' result (@ time: 0.5392282203030526) :  ~~> disgust <~~
DEBUG:root:     prob. class 'anger': 	 0.19475052928225978
DEBUG:root:     prob. class 'boredom': 	 0.061252426303065044
DEBUG:root:     prob. class 'disgust': 	 0.08226734235880007
DEBUG:root:     prob. class 'fear': 	 0.2470811952644294
DEBUG:root:     prob. class 'happiness': 	 0.688426220872636
DEBUG:root:     prob. class 'neutral': 	 0.7833710811109798
DEBUG:root:     prob. class 'sadness': 	 0.10925369902295723
DEBUG:root:
DEBUG:root:LibSVM  'abcAffect' result (@ time: 0.42830162132912963) :  ~~> agressiv <~~
DEBUG:root:     prob. class 'agressiv': 	 0.39828854910354783
DEBUG:root:     prob. class 'cheerful': 	 0.1364704722084651
DEBUG:root:     prob. class 'intoxicated': 	 0.4591440244905849
DEBUG:root:     prob. class 'nervous': 	 0.8127357776892247
DEBUG:root:     prob. class 'neutral': 	 0.439176972697644
DEBUG:root:     prob. class 'tired': 	 0.9051229265426818
DEBUG:root:
DEBUG:root: LibSVM  'avicInterest' result (@ time: 0.7018680100800063) :  ~~> loi2 <~~
DEBUG:root:     prob. class 'loi1': 	 0.11758937324863161
DEBUG:root:     prob. class 'loi2': 	 0.8808511516343603
DEBUG:root:     prob. class 'loi3': 	 0.0848402435104878
DEBUG:root:LibSVM  'arousal' result (@ time: 14) :  ~~> 0.9583988035503579 <~~
DEBUG:root:
DEBUG:root:LibSVM  'valence' result (@ time: 0.7307315903698555) :  ~~> 0.8291626218840181 <~~
DEBUG:root:
DEBUG:root:LibSVM  'emodbEmotion' result (@ time: 0.5105240469617337) :  ~~> disgust <~~
DEBUG:root:     prob. class 'anger': 	 0.848647548222375
DEBUG:root:     prob. class 'boredom': 	 0.780619862355365
DEBUG:root:     prob. class 'disgust': 	 0.9402300770988753
DEBUG:root:     prob. class 'fear': 	 0.6893232019356283
DEBUG:root:     prob. class 'happiness': 	 0.018882486773048712
DEBUG:root:     prob. class 'neutral': 	 0.6947374869194872
DEBUG:root:     prob. class 'sadness': 	 0.024244529930008807
DEBUG:root:
DEBUG:root:LibSVM  'abcAffect' result (@ time: 0.705931389077372) :  ~~> agressiv <~~
DEBUG:root:     prob. class 'agressiv': 	 0.1739863708845536
DEBUG:root:     prob. class 'cheerful': 	 0.2602812587970539
DEBUG:root:     prob. class 'intoxicated': 	 0.621223935477265
DEBUG:root:     prob. class 'nervous': 	 0.3285108785082489
DEBUG:root:     prob. class 'neutral': 	 0.9571047392318677
DEBUG:root:     prob. class 'tired': 	 0.23320503538086979
DEBUG:root:
DEBUG:root: LibSVM  'avicInterest' result (@ time: 0.5671374267913991) :  ~~> loi2 <~~
DEBUG:root:     prob. class 'loi1': 	 0.4115116429073641
DEBUG:root:     prob. class 'loi2': 	 0.40735674464048655
DEBUG:root:     prob. class 'loi3': 	 0.92262873609359

DEBUG:root:LibSVM  'arousal' result (@ time: 15) :  ~~> 0.09451733370942983 <~~
DEBUG:root:
DEBUG:root:LibSVM  'valence' result (@ time: 0.06770659209241703) :  ~~> 0.08405692882491367 <~~
DEBUG:root:
DEBUG:root:LibSVM  'emodbEmotion' result (@ time: 0.433525929887022) :  ~~> disgust <~~
DEBUG:root:     prob. class 'anger': 	 0.17948413098247162
DEBUG:root:     prob. class 'boredom': 	 0.8689539852008688
DEBUG:root:     prob. class 'disgust': 	 0.9518880987864655
DEBUG:root:     prob. class 'fear': 	 0.49111635021332434
DEBUG:root:     prob. class 'happiness': 	 0.7196850223477215
DEBUG:root:     prob. class 'neutral': 	 0.20308813678973014
DEBUG:root:     prob. class 'sadness': 	 0.7736015751020378
DEBUG:root:
DEBUG:root:LibSVM  'abcAffect' result (@ time: 0.007704265192805537) :  ~~> agressiv <~~
DEBUG:root:     prob. class 'agressiv': 	 0.5826878560055334
DEBUG:root:     prob. class 'cheerful': 	 0.975714149849374
DEBUG:root:     prob. class 'intoxicated': 	 0.9505065400834222
DEBUG:root:     prob. class 'nervous': 	 0.9720724048806195
DEBUG:root:     prob. class 'neutral': 	 0.42136595110119757
DEBUG:root:     prob. class 'tired': 	 0.4688806371710391
DEBUG:root:     0.4335354363456356
DEBUG:root: LibSVM  'avicInterest' result (@ time: 0.6277080179870148) :  ~~> loi2 <~~
DEBUG:root:     prob. class 'loi1': 	 0.9271965719203994
DEBUG:root:     prob. class 'loi2': 	 0.17971943221425235
DEBUG:root:     prob. class 'loi3': 	 0.551596520528985