[ 09.01.2023 - 17:30:07 ]
    (MSG) [2] in SMILExtract : openSMILE starting!
[ 09.01.2023 - 17:30:07 ]
    (MSG) [2] in SMILExtract : config file is: /Users/paul/Desktop/openEAR-0.1.0/config/emobase_live4.conf
[ 09.01.2023 - 17:30:07 ]
    (MSG) [2] in cComponentManager : successfully registered 73 component types.
[ 09.01.2023 - 17:30:07 ]
    (MSG) [2] in configManager : reading config file '/Users/paul/Desktop/openEAR-0.1.0/config/emobase_live4.conf'
[ 09.01.2023 - 17:30:08 ]
    (MSG) [2] in cLibsvmLiveSink : loading LibSVM model for instance 'arousal' ...
[ 09.01.2023 - 17:30:09 ]
    (MSG) [2] in cLibsvmLiveSink : loading LibSVM model for instance 'valence' ...
[ 09.01.2023 - 17:30:11 ]
    (MSG) [2] in cLibsvmLiveSink : loading LibSVM model for instance 'emodbEmotion' ...
[ 09.01.2023 - 17:30:12 ]
    (MSG) [2] in cLibsvmLiveSink : loading LibSVM model for instance 'abcAffect' ...
[ 09.01.2023 - 17:30:12 ]
    (MSG) [2] in cLibsvmLiveSink : loading LibSVM model for instance 'avicInterest' ...
[ 09.01.2023 - 17:30:14 ]
    (MSG) [2] in cComponentManager : successfully finished createInstances
                                 (31 component instances were finalised, 1 data memories were finalised)
[ 09.01.2023 - 17:30:14 ]
    (MSG) [2] in cComponentManager : starting single thread processing loop
[ 09.01.2023 - 17:30:14 ]
    (MSG) [2] in cPortaudioSource : recording from portAudio device with index 0

 LibSVM  'arousal' result (@ time: 9.578179) :  ~~> 0.33 <~~

 LibSVM  'valence' result (@ time: 9.578179) :  ~~> -0.47 <~~

 LibSVM  'emodbEmotion' result (@ time: 9.578179) :  ~~> fear <~~
     prob. class 'anger': 	 0.136153
     prob. class 'boredom': 	 0.023552
     prob. class 'disgust': 	 0.015047
     prob. class 'fear': 	 0.477435
     prob. class 'happiness': 	 0.281853
     prob. class 'neutral': 	 0.055911
     prob. class 'sadness': 	 0.010049

 LibSVM  'abcAffect' result (@ time: 9.578179) :  ~~> agressiv <~~
     prob. class 'agressiv': 	 0.977041
     prob. class 'cheerful': 	 0.004472
     prob. class 'intoxicated': 	 0.018049
     prob. class 'nervous': 	 0.000025
     prob. class 'neutral': 	 0.000226
     prob. class 'tired': 	 0.000188

 LibSVM  'avicInterest' result (@ time: 9.578179) :  ~~> loi3 <~~
     prob. class 'loi1': 	 0.000382
     prob. class 'loi2': 	 0.316122
     prob. class 'loi3': 	 0.683496

 LibSVM  'arousal' result (@ time: 19.977362) :  ~~> 0.12 <~~

 LibSVM  'valence' result (@ time: 19.977362) :  ~~> 0.00 <~~

 LibSVM  'emodbEmotion' result (@ time: 19.977362) :  ~~> boredom <~~
     prob. class 'anger': 	 0.001014
     prob. class 'boredom': 	 0.494862
     prob. class 'disgust': 	 0.006321
     prob. class 'fear': 	 0.005852
     prob. class 'happiness': 	 0.003668
     prob. class 'neutral': 	 0.487215
     prob. class 'sadness': 	 0.001067

 LibSVM  'abcAffect' result (@ time: 19.977362) :  ~~> agressiv <~~
     prob. class 'agressiv': 	 0.621877
     prob. class 'cheerful': 	 0.181141
     prob. class 'intoxicated': 	 0.106096
     prob. class 'nervous': 	 0.004007
     prob. class 'neutral': 	 0.080431
     prob. class 'tired': 	 0.006447

 LibSVM  'avicInterest' result (@ time: 19.977362) :  ~~> loi2 <~~
     prob. class 'loi1': 	 0.000443
     prob. class 'loi2': 	 0.944283
     prob. class 'loi3': 	 0.055274

 LibSVM  'arousal' result (@ time: 30.377751) :  ~~> 0.16 <~~

 LibSVM  'valence' result (@ time: 30.377751) :  ~~> 0.27 <~~

 LibSVM  'emodbEmotion' result (@ time: 30.377751) :  ~~> neutral <~~
     prob. class 'anger': 	 0.021963
     prob. class 'boredom': 	 0.428449
     prob. class 'disgust': 	 0.014689
     prob. class 'fear': 	 0.010436
     prob. class 'happiness': 	 0.049035
     prob. class 'neutral': 	 0.472907
     prob. class 'sadness': 	 0.002521

 LibSVM  'abcAffect' result (@ time: 30.377751) :  ~~> agressiv <~~
     prob. class 'agressiv': 	 0.513207
     prob. class 'cheerful': 	 0.082812
     prob. class 'intoxicated': 	 0.368608
     prob. class 'nervous': 	 0.001202
     prob. class 'neutral': 	 0.031126
     prob. class 'tired': 	 0.003044

 LibSVM  'avicInterest' result (@ time: 30.377751) :  ~~> loi2 <~~
     prob. class 'loi1': 	 0.000442
     prob. class 'loi2': 	 0.746951
     prob. class 'loi3': 	 0.252607

 LibSVM  'arousal' result (@ time: 32.302234) :  ~~> 0.24 <~~

 LibSVM  'valence' result (@ time: 32.302234) :  ~~> 0.10 <~~

 LibSVM  'emodbEmotion' result (@ time: 32.302234) :  ~~> neutral <~~
     prob. class 'anger': 	 0.004291
     prob. class 'boredom': 	 0.466208
     prob. class 'disgust': 	 0.051167
     prob. class 'fear': 	 0.002711
     prob. class 'happiness': 	 0.006109
     prob. class 'neutral': 	 0.469001
     prob. class 'sadness': 	 0.000513

 LibSVM  'abcAffect' result (@ time: 32.302234) :  ~~> agressiv <~~
     prob. class 'agressiv': 	 0.757428
     prob. class 'cheerful': 	 0.043008
     prob. class 'intoxicated': 	 0.180633
     prob. class 'nervous': 	 0.000569
     prob. class 'neutral': 	 0.017154
     prob. class 'tired': 	 0.001207

 LibSVM  'avicInterest' result (@ time: 32.302234) :  ~~> loi2 <~~
     prob. class 'loi1': 	 0.000534
     prob. class 'loi2': 	 0.665594
     prob. class 'loi3': 	 0.333872

 LibSVM  'arousal' result (@ time: 39.337502) :  ~~> 0.55 <~~

 LibSVM  'valence' result (@ time: 39.337502) :  ~~> 0.00 <~~

 LibSVM  'emodbEmotion' result (@ time: 39.337502) :  ~~> boredom <~~
     prob. class 'anger': 	 0.002658
     prob. class 'boredom': 	 0.499683
     prob. class 'disgust': 	 0.000672
     prob. class 'fear': 	 0.001760
     prob. class 'happiness': 	 0.003814
     prob. class 'neutral': 	 0.490796
     prob. class 'sadness': 	 0.000618

 LibSVM  'abcAffect' result (@ time: 39.337502) :  ~~> agressiv <~~
     prob. class 'agressiv': 	 0.521661
     prob. class 'cheerful': 	 0.229402
     prob. class 'intoxicated': 	 0.153420
     prob. class 'nervous': 	 0.010638
     prob. class 'neutral': 	 0.045540
     prob. class 'tired': 	 0.039340

 LibSVM  'avicInterest' result (@ time: 39.337502) :  ~~> loi3 <~~
     prob. class 'loi1': 	 0.000388
     prob. class 'loi2': 	 0.011916
     prob. class 'loi3': 	 0.987695

 LibSVM  'arousal' result (@ time: 40.938101) :  ~~> 0.49 <~~

 LibSVM  'valence' result (@ time: 40.938101) :  ~~> 0.18 <~~

 LibSVM  'emodbEmotion' result (@ time: 40.938101) :  ~~> neutral <~~
     prob. class 'anger': 	 0.099622
     prob. class 'boredom': 	 0.249008
     prob. class 'disgust': 	 0.027232
     prob. class 'fear': 	 0.023198
     prob. class 'happiness': 	 0.103499
     prob. class 'neutral': 	 0.485898
     prob. class 'sadness': 	 0.011543

 LibSVM  'abcAffect' result (@ time: 40.938101) :  ~~> agressiv <~~
     prob. class 'agressiv': 	 0.906969
     prob. class 'cheerful': 	 0.056695
     prob. class 'intoxicated': 	 0.018848
     prob. class 'nervous': 	 0.000403
     prob. class 'neutral': 	 0.016214
     prob. class 'tired': 	 0.000870

 LibSVM  'avicInterest' result (@ time: 40.938101) :  ~~> loi3 <~~
     prob. class 'loi1': 	 0.000036
     prob. class 'loi2': 	 0.057814
     prob. class 'loi3': 	 0.942150

 LibSVM  'arousal' result (@ time: 55.178114) :  ~~> 0.67 <~~

 LibSVM  'valence' result (@ time: 55.178114) :  ~~> 0.28 <~~

 LibSVM  'emodbEmotion' result (@ time: 55.178114) :  ~~> neutral <~~
     prob. class 'anger': 	 0.003994
     prob. class 'boredom': 	 0.456715
     prob. class 'disgust': 	 0.005666
     prob. class 'fear': 	 0.004242
     prob. class 'happiness': 	 0.061599
     prob. class 'neutral': 	 0.466757
     prob. class 'sadness': 	 0.001028

 LibSVM  'abcAffect' result (@ time: 55.178114) :  ~~> agressiv <~~
     prob. class 'agressiv': 	 0.597070
     prob. class 'cheerful': 	 0.184033
     prob. class 'intoxicated': 	 0.152368
     prob. class 'nervous': 	 0.011228
     prob. class 'neutral': 	 0.036481
     prob. class 'tired': 	 0.018822

 LibSVM  'avicInterest' result (@ time: 55.178114) :  ~~> loi3 <~~
     prob. class 'loi1': 	 0.000050
     prob. class 'loi2': 	 0.058949
     prob. class 'loi3': 	 0.941000

 LibSVM  'arousal' result (@ time: 62.060661) :  ~~> 0.19 <~~

 LibSVM  'valence' result (@ time: 62.060661) :  ~~> 0.07 <~~

 LibSVM  'emodbEmotion' result (@ time: 62.060661) :  ~~> disgust <~~
     prob. class 'anger': 	 0.000404
     prob. class 'boredom': 	 0.011183
     prob. class 'disgust': 	 0.982532
     prob. class 'fear': 	 0.000650
     prob. class 'happiness': 	 0.000161
     prob. class 'neutral': 	 0.003086
     prob. class 'sadness': 	 0.001984

 LibSVM  'abcAffect' result (@ time: 62.060661) :  ~~> agressiv <~~
     prob. class 'agressiv': 	 0.679725
     prob. class 'cheerful': 	 0.075711
     prob. class 'intoxicated': 	 0.097140
     prob. class 'nervous': 	 0.015711
     prob. class 'neutral': 	 0.126799
     prob. class 'tired': 	 0.004914

 LibSVM  'avicInterest' result (@ time: 62.060661) :  ~~> loi2 <~~
     prob. class 'loi1': 	 0.001445
     prob. class 'loi2': 	 0.942961
     prob. class 'loi3': 	 0.055594
[ 09.01.2023 - 17:31:11 ]
    (MSG) [2] in cComponentManager : Processing finished! System ran for 5658 ticks.
